[debug] [2022-04-21T15:27:19.743Z] ----------------------------------------------------------------------
[debug] [2022-04-21T15:27:19.747Z] Command:       C:\Program Files\nodejs\node.exe C:\Users\Asus\AppData\Roaming\npm\node_modules\firebase-tools\lib\bin\firebase.js init
[debug] [2022-04-21T15:27:19.747Z] CLI Version:   10.7.0
[debug] [2022-04-21T15:27:19.747Z] Platform:      win32
[debug] [2022-04-21T15:27:19.747Z] Node Version:  v14.17.1
[debug] [2022-04-21T15:27:19.748Z] Time:          Thu Apr 21 2022 21:27:19 GMT+0600 (Bangladesh Standard Time)
[debug] [2022-04-21T15:27:19.749Z] ----------------------------------------------------------------------
[debug] 
[debug] [2022-04-21T15:27:19.756Z] > command requires scopes: ["email","openid","https://www.googleapis.com/auth/cloudplatformprojects.readonly","https://www.googleapis.com/auth/firebase","https://www.googleapis.com/auth/cloud-platform"]
[debug] [2022-04-21T15:27:19.757Z] > authorizing via signed-in user (biprobarai1804058@gmail.com)
[info] 
     ######## #### ########  ######## ########     ###     ######  ########
     ##        ##  ##     ## ##       ##     ##  ##   ##  ##       ##
     ######    ##  ########  ######   ########  #########  ######  ######
     ##        ##  ##    ##  ##       ##     ## ##     ##       ## ##
     ##       #### ##     ## ######## ########  ##     ##  ######  ########

You're about to initialize a Firebase project in this directory:

  D:\Web\Web-app\student-welfare

[info] 
=== Project Setup
[info] 
[info] First, let's associate this project directory with a Firebase project.
[info] You can create multiple project aliases by running firebase use --add, 
[info] but for now we'll just set up a default project.
[info] 
[debug] [2022-04-21T15:27:25.887Z] Using project from CLI flag: lakhanda-student-welfare-asso
[debug] [2022-04-21T15:27:25.891Z] >>> [apiv2][query] GET https://firebase.googleapis.com/v1beta1/projects/lakhanda-student-welfare-asso [none]
[debug] [2022-04-21T15:27:27.953Z] <<< [apiv2][status] GET https://firebase.googleapis.com/v1beta1/projects/lakhanda-student-welfare-asso 200
[debug] [2022-04-21T15:27:27.953Z] <<< [apiv2][body] GET https://firebase.googleapis.com/v1beta1/projects/lakhanda-student-welfare-asso {"projectId":"lakhanda-student-welfare-asso","projectNumber":"170218791685","displayName":"lakhanda-student-welfare-asso","name":"projects/lakhanda-student-welfare-asso","resources":{"hostingSite":"lakhanda-student-welfare-asso"},"state":"ACTIVE"}
[info] i  Using project lakhanda-student-welfare-asso (lakhanda-student-welfare-asso) 
[info] 
=== Hosting Setup
[info] 
[info] Your public directory is the folder (relative to your project directory) that
[info] will contain Hosting assets to be uploaded with firebase deploy. If you
[info] have a build process for your assets, use your build's output directory.
[info] 
